<!-- buildlog insert -->

[6/9/2024 1:21:46 PM UTC | Revision 2727 | Soul_Assassin]

[Other] Added PC Gen 2 localization and fixed preview image



[6/9/2024 11:09:01 AM UTC | Revision 2726 | Soul_Assassin]

[Fixed] Fixed wrong colliders on Liberator High Cut ECH



[6/8/2024 9:52:04 PM UTC | Revision 2725 | Soul_Assassin]

[Improved] Switched out some ground models for clothes to more appropriate default models. WIP

[Fixed] AK-74M GP-25 mag reload sound was not playing



[6/8/2024 8:42:20 PM UTC | Revision 2724 | Soul_Assassin]

[Other] Confirm 3rd time



[6/8/2024 8:38:18 PM UTC | Revision 2723 | Soul_Assassin]

[Other] Confirm test



[6/8/2024 8:37:00 PM UTC | Revision 2722 | Soul_Assassin, MacroBebra, Soul_Assassin, Soul_Assassin, Soul_Assassin, Soul_Assassin, Soul_Assassin, Soul_Assassin, Soul_Assassin]

[Fixed] Fixed Gascan glasses causing character to fly in some conditions

[Other] Test again

[Other] Kagdjakjf

[Other] Goonthen

[Other] One more time

[Other] Hashtagpurerage

[Other] Fuckinghell

[Other] Whatthehell

[Other] Test3



