<!-- buildlog insert -->

[2/11/2023 8:16:53 PM UTC | Revision 437 | Tactical_Toxic]

[Added] Casing for 2a42

[Other] Cinematic props scale fixes

[Other] Better il-76 lights



[2/11/2023 4:46:36 PM UTC | Revision 436 | Mihail]

[Fixed] LShZ normals



[2/11/2023 11:46:56 AM UTC | Revision 435 | Soul_Assassin]

[Improved] PDU-4 now has more accurate 7x zoom



[2/10/2023 2:28:04 PM UTC | Revision 434 | Tactical_Toxic]



[2/10/2023 2:17:26 PM UTC | Revision 433 | Tactical_Toxic]

[Other] Added another testzone for rangefinders



[2/9/2023 10:50:15 PM UTC | Revision 432 | Tactical_Toxic]

[Other] Lots of cinematic and promo screenshots related stuff



[2/9/2023 11:21:18 AM UTC | Revision 431 | odkupiciel375]

[Added] Integrated EARS functionality into RHS

[Improved] Improved incoming radio transmission detection (compared to the latest EARS version)



[2/8/2023 5:58:16 PM UTC | Revision 430 | Mihail]

[Added] Test AK pouches for 6B45

[Improved] Added missing LODs on 6B45 with close neck armor

[Improved] 6B45 textures. optimized size to 2k



[2/8/2023 12:22:06 PM UTC | Revision 429 | reyhard]

[Fixed] Fixed default camera position on GM showcase mission

[Fixed] SU230 reticle is no longer changing scale with zoom - close  #198



[2/8/2023 11:36:21 AM UTC | Revision 428 | reyhard]

[Improved] Tweaked BUIS recoil behavior on SU230



[2/8/2023 11:29:06 AM UTC | Revision 427 | reyhard]

[Fixed] Removed duplicated entries in InventoryItemComponent of scopes

[Improved] Configured red dot on SU230 with MRDS - close #197

[Improved] Tweaked collimator script so fake red dot is disabled by default



[2/8/2023 8:22:04 AM UTC | Revision 426 | Ashyl]

[Removed] Not used samples for 2a42 shot sound

[Removed] Dynamic light for HIT_30mm_HE.ptc

[Improved] SP81 Muzzle flash



[2/8/2023 6:38:37 AM UTC | Revision 425 | Soul_Assassin]

[Improved] New reticle for Sig Bravo 4; closes #200



[2/7/2023 10:54:52 PM UTC | Revision 424 | Tactical_Toxic]

[Other] Darken ak74m metal



[2/7/2023 9:18:12 PM UTC | Revision 423 | Soul_Assassin]

[Other] Updated license.txt to include link to the web version.



[2/7/2023 8:24:13 PM UTC | Revision 422 | PUDDY300]

[Other] M8541 now has accurate PiP Reticle and FOV. Zeroed sights on M14



[2/7/2023 12:24:32 PM UTC | Revision 421 | Soul_Assassin]

[Other] Added license file



[2/7/2023 10:38:24 AM UTC | Revision 420 | spacestrider]

[Fixed] 9M113 not firing

[Fixed] K17 top speed

[Other] Cleaned up area around K17



[2/7/2023 6:06:11 AM UTC | Revision 419 | PUDDY300]

[Removed] Fixed wandering reticle on m8541

[Removed] M8541 Reticle now scales with zoom at least in PiP



[2/6/2023 1:53:09 PM UTC | Revision 418 | reyhard]

[Improved] Tweaked AK74M textures



[2/5/2023 10:26:35 AM UTC | Revision 417 | Tactical_Toxic]

[Added] 1P90

[Improved] Azart textures



[2/4/2023 6:08:51 PM UTC | Revision 416 | Ashyl]

[Added] 30mm HE hit effect

[Added] 30mm 3UOF8 warhead

[Improved] Il76 sounds

[Improved] 30mm ballistic



[2/4/2023 5:26:06 PM UTC | Revision 415 | Ashyl]

[Other] New 2a42 muzzle flash, muzzle smoke, casing effect and sounds



[2/4/2023 3:09:34 PM UTC | Revision 414 | reyhard]

[Improved] Testing in game advertisement system



[2/4/2023 2:18:29 PM UTC | Revision 413 | reyhard]

[Removed] Removed Leopard 2A4

[Removed] Removed Polish Army

[Removed] Removed T64BV

[Removed] Removed all optimizations



[2/4/2023 1:57:07 PM UTC | Revision 412 | reyhard]

[Added] Added Leopard 2A4

[Added] Added Polish Army faction (with full gear and plenty of weapons)

[Added] Added T64BV

[Improved] Improved game performance by 10% by optimizing certain scripts with AI technology



[2/3/2023 8:59:49 PM UTC | Revision 411 | Soul_Assassin]

[Other] Test new publish



[2/3/2023 8:13:12 AM UTC | Revision 410 | spacestrider]

[Improved] K17 Suspension

[Improved] K17 Tire settings

[Fixed] K17 Wheel Diameter



[2/3/2023 7:10:26 AM UTC | Revision 409 | Soul_Assassin]

[Improved] Improved PDU4 reticle; closes #194

[Fixed] PDU-4 now uses advanced rangefinder script; closes #62



[2/1/2023 4:34:59 PM UTC | Revision 408 | Redphoenix]

[Other] K17 Physics Improvements



[2/1/2023 10:37:39 AM UTC | Revision 407 | spacestrider]

[Added] 3UOF8 HEI Ammo to the K17

[Added] Reload function to switch between HEI and APDSFS-T on K17

[Improved] Lights on the K17

[Removed] Epoch Commander seat to prevent crashes

[Other] Fixed inheritance issues on K17 Turrets



[1/31/2023 6:47:06 AM UTC | Revision 406 | Soul_Assassin]

[Fixed] Fixed changelog stuff

[Other] Testing multiple lines of test



[1/30/2023 5:21:59 PM UTC | Revision 405 | Soul_Assassin]

[Other] Testing new system for ticket closure; closes #63; fix #64

